2023-02-14 13:02:272 INFO  RegisterPage :99 - Click on femaleButton[[ChromeDriver: chrome on WINDOWS (9c80336256686de752fcc72feaaac159)] -> xpath: //div[@id='gender']/span[2]/input]
2023-02-14 13:02:497 INFO  RegisterPage :112 - select your day of birth[[ChromeDriver: chrome on WINDOWS (9c80336256686de752fcc72feaaac159)] -> xpath: //select[@name='DateOfBirthDay']]
2023-02-14 13:02:559 INFO  RegisterPage :117 - select your month of birth[[ChromeDriver: chrome on WINDOWS (9c80336256686de752fcc72feaaac159)] -> xpath: //select[@name='DateOfBirthMonth']]
2023-02-14 13:02:624 INFO  RegisterPage :122 - select your year of birth[[ChromeDriver: chrome on WINDOWS (9c80336256686de752fcc72feaaac159)] -> xpath: //select[@name='DateOfBirthYear']]
2023-02-14 13:02:859 INFO  RegisterPage :138 - click on register button[[ChromeDriver: chrome on WINDOWS (9c80336256686de752fcc72feaaac159)] -> xpath: //button[@id='register-button']]
2023-02-14 13:02:918 INFO  RegisterPage :147 - Verify first name required[[ChromeDriver: chrome on WINDOWS (9c80336256686de752fcc72feaaac159)] -> xpath: //span[@id='FirstName-error']]
2023-02-14 13:02:991 INFO  RegisterPage :152 - Verify last name requiredProxy element for: DefaultElementLocator 'By.xpath: //span[@id='LastName-error']'
2023-02-14 13:02:418 INFO  RegisterPage :99 - Click on femaleButton[[ChromeDriver: chrome on WINDOWS (42c0696f61348e6e5f62251525fd05a2)] -> xpath: //div[@id='gender']/span[2]/input]
2023-02-14 13:02:629 INFO  RegisterPage :112 - select your day of birth[[ChromeDriver: chrome on WINDOWS (42c0696f61348e6e5f62251525fd05a2)] -> xpath: //select[@name='DateOfBirthDay']]
2023-02-14 13:02:700 INFO  RegisterPage :117 - select your month of birth[[ChromeDriver: chrome on WINDOWS (42c0696f61348e6e5f62251525fd05a2)] -> xpath: //select[@name='DateOfBirthMonth']]
2023-02-14 13:02:759 INFO  RegisterPage :122 - select your year of birth[[ChromeDriver: chrome on WINDOWS (42c0696f61348e6e5f62251525fd05a2)] -> xpath: //select[@name='DateOfBirthYear']]
2023-02-14 13:02:27 INFO  RegisterPage :138 - click on register button[[ChromeDriver: chrome on WINDOWS (42c0696f61348e6e5f62251525fd05a2)] -> xpath: //button[@id='register-button']]
2023-02-14 13:02:89 INFO  RegisterPage :147 - Verify first name requiredProxy element for: DefaultElementLocator 'By.xpath: //span[@id='FirstName-error']'
2023-02-14 13:02:410 INFO  RegisterPage :99 - Click on femaleButton[[ChromeDriver: chrome on WINDOWS (40ff997eac6cbc8f20d33fe3c033d00e)] -> xpath: //div[@id='gender']/span[2]/input]
2023-02-14 13:02:636 INFO  RegisterPage :112 - select your day of birth[[ChromeDriver: chrome on WINDOWS (40ff997eac6cbc8f20d33fe3c033d00e)] -> xpath: //select[@name='DateOfBirthDay']]
2023-02-14 13:02:714 INFO  RegisterPage :117 - select your month of birth[[ChromeDriver: chrome on WINDOWS (40ff997eac6cbc8f20d33fe3c033d00e)] -> xpath: //select[@name='DateOfBirthMonth']]
2023-02-14 13:02:775 INFO  RegisterPage :122 - select your year of birth[[ChromeDriver: chrome on WINDOWS (40ff997eac6cbc8f20d33fe3c033d00e)] -> xpath: //select[@name='DateOfBirthYear']]
2023-02-14 13:02:06 INFO  RegisterPage :138 - click on register button[[ChromeDriver: chrome on WINDOWS (40ff997eac6cbc8f20d33fe3c033d00e)] -> xpath: //button[@id='register-button']]
2023-02-14 13:02:69 INFO  RegisterPage :147 - Verify first name requiredProxy element for: DefaultElementLocator 'By.xpath: //span[@id='FirstName-error']'
2023-02-14 13:02:50 INFO  RegisterPage :99 - Click on femaleButton[[ChromeDriver: chrome on WINDOWS (480a4a950198f819d459dfb7cc802c96)] -> xpath: //div[@id='gender']/span[2]/input]
2023-02-14 13:02:288 INFO  RegisterPage :112 - select your day of birth[[ChromeDriver: chrome on WINDOWS (480a4a950198f819d459dfb7cc802c96)] -> xpath: //select[@name='DateOfBirthDay']]
2023-02-14 13:02:350 INFO  RegisterPage :117 - select your month of birth[[ChromeDriver: chrome on WINDOWS (480a4a950198f819d459dfb7cc802c96)] -> xpath: //select[@name='DateOfBirthMonth']]
2023-02-14 13:02:417 INFO  RegisterPage :122 - select your year of birth[[ChromeDriver: chrome on WINDOWS (480a4a950198f819d459dfb7cc802c96)] -> xpath: //select[@name='DateOfBirthYear']]
2023-02-14 13:02:653 INFO  RegisterPage :138 - click on register button[[ChromeDriver: chrome on WINDOWS (480a4a950198f819d459dfb7cc802c96)] -> xpath: //button[@id='register-button']]
2023-02-14 13:02:721 INFO  RegisterPage :147 - Verify first name requiredProxy element for: DefaultElementLocator 'By.xpath: //span[@id='FirstName-error']'
2023-02-14 13:02:862 INFO  RegisterPage :99 - Click on femaleButton[[ChromeDriver: chrome on WINDOWS (1644a995f12bcfff0e1bbaa59ad3ca4c)] -> xpath: //div[@id='gender']/span[2]/input]
2023-02-14 13:02:92 INFO  RegisterPage :112 - select your day of birth[[ChromeDriver: chrome on WINDOWS (1644a995f12bcfff0e1bbaa59ad3ca4c)] -> xpath: //select[@name='DateOfBirthDay']]
2023-02-14 13:02:144 INFO  RegisterPage :117 - select your month of birth[[ChromeDriver: chrome on WINDOWS (1644a995f12bcfff0e1bbaa59ad3ca4c)] -> xpath: //select[@name='DateOfBirthMonth']]
2023-02-14 13:02:197 INFO  RegisterPage :122 - select your year of birth[[ChromeDriver: chrome on WINDOWS (1644a995f12bcfff0e1bbaa59ad3ca4c)] -> xpath: //select[@name='DateOfBirthYear']]
2023-02-14 13:02:442 INFO  RegisterPage :138 - click on register button[[ChromeDriver: chrome on WINDOWS (1644a995f12bcfff0e1bbaa59ad3ca4c)] -> xpath: //div[@class='page registration-page']/div[2]/form/div[5]/button]
2023-02-14 13:02:502 INFO  RegisterPage :147 - Verify first name required[[ChromeDriver: chrome on WINDOWS (1644a995f12bcfff0e1bbaa59ad3ca4c)] -> xpath: //span[@id='FirstName-error']]
2023-02-14 13:02:591 INFO  RegisterPage :152 - Verify last name requiredProxy element for: DefaultElementLocator 'By.xpath: //span[@id='LastName-error']'
2023-02-14 13:02:560 INFO  RegisterPage :99 - Click on femaleButton[[ChromeDriver: chrome on WINDOWS (c742e345db41a70efa458100706dc90a)] -> xpath: //div[@id='gender']/span[2]/input]
2023-02-14 13:02:777 INFO  RegisterPage :112 - select your day of birth[[ChromeDriver: chrome on WINDOWS (c742e345db41a70efa458100706dc90a)] -> xpath: //select[@name='DateOfBirthDay']]
2023-02-14 13:02:849 INFO  RegisterPage :117 - select your month of birth[[ChromeDriver: chrome on WINDOWS (c742e345db41a70efa458100706dc90a)] -> xpath: //select[@name='DateOfBirthMonth']]
2023-02-14 13:02:910 INFO  RegisterPage :122 - select your year of birth[[ChromeDriver: chrome on WINDOWS (c742e345db41a70efa458100706dc90a)] -> xpath: //select[@name='DateOfBirthYear']]
2023-02-14 13:02:179 INFO  RegisterPage :138 - click on register button[[ChromeDriver: chrome on WINDOWS (c742e345db41a70efa458100706dc90a)] -> xpath: //div[@class='page registration-page']/div[2]/form/div[5]/button]
2023-02-14 13:02:276 INFO  RegisterPage :147 - Verify first name requiredProxy element for: DefaultElementLocator 'By.xpath: //span[@id='FirstName-error']'
2023-02-14 13:02:961 INFO  RegisterPage :99 - Click on femaleButton[[ChromeDriver: chrome on WINDOWS (56cc31d1e0e5ed344333488dae74259b)] -> xpath: //div[@id='gender']/span[2]/input]
2023-02-14 13:02:204 INFO  RegisterPage :112 - select your day of birth[[ChromeDriver: chrome on WINDOWS (56cc31d1e0e5ed344333488dae74259b)] -> xpath: //select[@name='DateOfBirthDay']]
2023-02-14 13:02:292 INFO  RegisterPage :117 - select your month of birth[[ChromeDriver: chrome on WINDOWS (56cc31d1e0e5ed344333488dae74259b)] -> xpath: //select[@name='DateOfBirthMonth']]
2023-02-14 13:02:358 INFO  RegisterPage :122 - select your year of birth[[ChromeDriver: chrome on WINDOWS (56cc31d1e0e5ed344333488dae74259b)] -> xpath: //select[@name='DateOfBirthYear']]
2023-02-14 13:02:595 INFO  RegisterPage :138 - click on register button[[ChromeDriver: chrome on WINDOWS (56cc31d1e0e5ed344333488dae74259b)] -> xpath: //div[@class='page registration-page']/div[2]/form/div[5]/button]
2023-02-14 13:02:907 INFO  RegisterPage :147 - Verify first name requiredProxy element for: DefaultElementLocator 'By.xpath: //span[@id='FirstName-error']'
2023-02-14 13:02:89 INFO  RegisterPage :99 - Click on femaleButton[[ChromeDriver: chrome on WINDOWS (03c23fa578b81a57e7122ec0a82a0956)] -> xpath: //div[@id='gender']/span[2]/input]
2023-02-14 13:02:293 INFO  RegisterPage :112 - select your day of birth[[ChromeDriver: chrome on WINDOWS (03c23fa578b81a57e7122ec0a82a0956)] -> xpath: //select[@name='DateOfBirthDay']]
2023-02-14 13:02:367 INFO  RegisterPage :117 - select your month of birth[[ChromeDriver: chrome on WINDOWS (03c23fa578b81a57e7122ec0a82a0956)] -> xpath: //select[@name='DateOfBirthMonth']]
2023-02-14 13:02:425 INFO  RegisterPage :122 - select your year of birth[[ChromeDriver: chrome on WINDOWS (03c23fa578b81a57e7122ec0a82a0956)] -> xpath: //select[@name='DateOfBirthYear']]
2023-02-14 13:02:534 INFO  RegisterPage :99 - Click on femaleButton[[ChromeDriver: chrome on WINDOWS (58ea2d471534ce54ba6378262bb06c64)] -> xpath: //div[@id='gender']/span[2]/input]
2023-02-14 13:02:757 INFO  RegisterPage :112 - select your day of birth[[ChromeDriver: chrome on WINDOWS (58ea2d471534ce54ba6378262bb06c64)] -> xpath: //select[@name='DateOfBirthDay']]
2023-02-14 13:02:829 INFO  RegisterPage :117 - select your month of birth[[ChromeDriver: chrome on WINDOWS (58ea2d471534ce54ba6378262bb06c64)] -> xpath: //select[@name='DateOfBirthMonth']]
2023-02-14 13:02:881 INFO  RegisterPage :122 - select your year of birth[[ChromeDriver: chrome on WINDOWS (58ea2d471534ce54ba6378262bb06c64)] -> xpath: //select[@name='DateOfBirthYear']]
2023-02-14 13:02:119 INFO  RegisterPage :138 - click on register button[[ChromeDriver: chrome on WINDOWS (58ea2d471534ce54ba6378262bb06c64)] -> xpath: //div[@class='page registration-page']/div[2]/form/div[5]/button]
2023-02-14 13:02:670 INFO  RegisterPage :99 - Click on femaleButton[[ChromeDriver: chrome on WINDOWS (53683cb31ca73865dc9feaf3122e04ee)] -> xpath: //div[@id='gender']/span[2]/input]
2023-02-14 13:02:967 INFO  RegisterPage :112 - select your day of birth[[ChromeDriver: chrome on WINDOWS (53683cb31ca73865dc9feaf3122e04ee)] -> xpath: //select[@name='DateOfBirthDay']]
2023-02-14 13:02:72 INFO  RegisterPage :117 - select your month of birth[[ChromeDriver: chrome on WINDOWS (53683cb31ca73865dc9feaf3122e04ee)] -> xpath: //select[@name='DateOfBirthMonth']]
2023-02-14 13:02:157 INFO  RegisterPage :122 - select your year of birth[[ChromeDriver: chrome on WINDOWS (53683cb31ca73865dc9feaf3122e04ee)] -> xpath: //select[@name='DateOfBirthYear']]
2023-02-14 13:02:554 INFO  RegisterPage :138 - click on register button[[ChromeDriver: chrome on WINDOWS (53683cb31ca73865dc9feaf3122e04ee)] -> xpath: //div[@class='page registration-page']/div[2]/form/div[5]/button]
2023-02-14 13:02:35 INFO  RegisterPage :99 - Click on femaleButton[[ChromeDriver: chrome on WINDOWS (2be19a0b187728c428e02aea1d748e79)] -> xpath: //div[@id='gender']/span[2]/input]
2023-02-14 13:02:392 INFO  RegisterPage :112 - select your day of birth[[ChromeDriver: chrome on WINDOWS (2be19a0b187728c428e02aea1d748e79)] -> xpath: //select[@name='DateOfBirthDay']]
2023-02-14 13:02:518 INFO  RegisterPage :117 - select your month of birth[[ChromeDriver: chrome on WINDOWS (2be19a0b187728c428e02aea1d748e79)] -> xpath: //select[@name='DateOfBirthMonth']]
2023-02-14 13:02:611 INFO  RegisterPage :122 - select your year of birth[[ChromeDriver: chrome on WINDOWS (2be19a0b187728c428e02aea1d748e79)] -> xpath: //select[@name='DateOfBirthYear']]
2023-02-14 13:02:972 INFO  RegisterPage :138 - click on register button[[ChromeDriver: chrome on WINDOWS (2be19a0b187728c428e02aea1d748e79)] -> xpath: //div[@class='page registration-page']/div[2]/form/div[5]/button]
2023-02-14 13:02:730 INFO  RegisterPage :99 - Click on femaleButton[[ChromeDriver: chrome on WINDOWS (e8e9118da3623a6ee6569f22f31f5faf)] -> xpath: //div[@id='gender']/span[2]/input]
2023-02-14 13:02:77 INFO  RegisterPage :112 - select your day of birth[[ChromeDriver: chrome on WINDOWS (e8e9118da3623a6ee6569f22f31f5faf)] -> xpath: //select[@name='DateOfBirthDay']]
2023-02-14 13:02:190 INFO  RegisterPage :117 - select your month of birth[[ChromeDriver: chrome on WINDOWS (e8e9118da3623a6ee6569f22f31f5faf)] -> xpath: //select[@name='DateOfBirthMonth']]
2023-02-14 13:02:282 INFO  RegisterPage :122 - select your year of birth[[ChromeDriver: chrome on WINDOWS (e8e9118da3623a6ee6569f22f31f5faf)] -> xpath: //select[@name='DateOfBirthYear']]
2023-02-14 13:02:768 INFO  RegisterPage :138 - click on register button[[ChromeDriver: chrome on WINDOWS (e8e9118da3623a6ee6569f22f31f5faf)] -> xpath: //div[@class='page registration-page']/div[2]/form/div[5]/button]
2023-02-14 13:02:774 INFO  RegisterPage :99 - Click on femaleButton[[ChromeDriver: chrome on WINDOWS (5165a5beb5498d2157e29f6513e0e881)] -> xpath: //div[@id='gender']/span[2]/input]
2023-02-14 13:02:112 INFO  RegisterPage :112 - select your day of birth[[ChromeDriver: chrome on WINDOWS (5165a5beb5498d2157e29f6513e0e881)] -> xpath: //select[@name='DateOfBirthDay']]
2023-02-14 13:02:288 INFO  RegisterPage :117 - select your month of birth[[ChromeDriver: chrome on WINDOWS (5165a5beb5498d2157e29f6513e0e881)] -> xpath: //select[@name='DateOfBirthMonth']]
2023-02-14 13:02:419 INFO  RegisterPage :122 - select your year of birth[[ChromeDriver: chrome on WINDOWS (5165a5beb5498d2157e29f6513e0e881)] -> xpath: //select[@name='DateOfBirthYear']]
2023-02-14 13:02:884 INFO  RegisterPage :138 - click on register button[[ChromeDriver: chrome on WINDOWS (5165a5beb5498d2157e29f6513e0e881)] -> xpath: //div[@class='page registration-page']/div[2]/form/div[5]/button]
2023-02-14 13:02:343 INFO  RegisterPage :99 - Click on femaleButton[[ChromeDriver: chrome on WINDOWS (9bb19730d89356f146e9ce883a375b14)] -> xpath: //div[@id='gender']/span[2]/input]
2023-02-14 13:02:654 INFO  RegisterPage :112 - select your day of birth[[ChromeDriver: chrome on WINDOWS (9bb19730d89356f146e9ce883a375b14)] -> xpath: //select[@name='DateOfBirthDay']]
2023-02-14 13:02:739 INFO  RegisterPage :117 - select your month of birth[[ChromeDriver: chrome on WINDOWS (9bb19730d89356f146e9ce883a375b14)] -> xpath: //select[@name='DateOfBirthMonth']]
2023-02-14 13:02:830 INFO  RegisterPage :122 - select your year of birth[[ChromeDriver: chrome on WINDOWS (9bb19730d89356f146e9ce883a375b14)] -> xpath: //select[@name='DateOfBirthYear']]
2023-02-14 13:02:173 INFO  RegisterPage :138 - click on register button[[ChromeDriver: chrome on WINDOWS (9bb19730d89356f146e9ce883a375b14)] -> xpath: //div[@class='page registration-page']/div[2]/form/div[5]/button]
2023-02-14 13:02:20 INFO  RegisterPage :99 - Click on femaleButton[[ChromeDriver: chrome on WINDOWS (cdc87146e1b44842665374949a0656d8)] -> xpath: //div[@id='gender']/span[2]/input]
2023-02-14 13:02:353 INFO  RegisterPage :112 - select your day of birth[[ChromeDriver: chrome on WINDOWS (cdc87146e1b44842665374949a0656d8)] -> xpath: //select[@name='DateOfBirthDay']]
2023-02-14 13:02:453 INFO  RegisterPage :117 - select your month of birth[[ChromeDriver: chrome on WINDOWS (cdc87146e1b44842665374949a0656d8)] -> xpath: //select[@name='DateOfBirthMonth']]
2023-02-14 13:02:573 INFO  RegisterPage :122 - select your year of birth[[ChromeDriver: chrome on WINDOWS (cdc87146e1b44842665374949a0656d8)] -> xpath: //select[@name='DateOfBirthYear']]
2023-02-14 13:02:989 INFO  RegisterPage :138 - click on register button[[ChromeDriver: chrome on WINDOWS (cdc87146e1b44842665374949a0656d8)] -> xpath: //div[@class='page registration-page']/div[2]/form/div[5]/button]
2023-02-14 13:02:114 INFO  RegisterPage :99 - Click on femaleButton[[ChromeDriver: chrome on WINDOWS (ac3a074888bccfb188d10eb5c7c30b38)] -> xpath: //div[@id='gender']/span[2]/input]
2023-02-14 13:02:459 INFO  RegisterPage :112 - select your day of birth[[ChromeDriver: chrome on WINDOWS (ac3a074888bccfb188d10eb5c7c30b38)] -> xpath: //select[@name='DateOfBirthDay']]
2023-02-14 13:02:565 INFO  RegisterPage :117 - select your month of birth[[ChromeDriver: chrome on WINDOWS (ac3a074888bccfb188d10eb5c7c30b38)] -> xpath: //select[@name='DateOfBirthMonth']]
2023-02-14 13:02:662 INFO  RegisterPage :122 - select your year of birth[[ChromeDriver: chrome on WINDOWS (ac3a074888bccfb188d10eb5c7c30b38)] -> xpath: //select[@name='DateOfBirthYear']]
2023-02-14 13:02:980 INFO  RegisterPage :138 - click on register button[[ChromeDriver: chrome on WINDOWS (ac3a074888bccfb188d10eb5c7c30b38)] -> xpath: //div[@class='page registration-page']/div[2]/form/div[5]/button]
2023-02-14 13:02:352 INFO  RegisterPage :99 - Click on femaleButton[[ChromeDriver: chrome on WINDOWS (f18ee3c3ba0ded68927ac1bbb925393b)] -> xpath: //div[@id='gender']/span[2]/input]
2023-02-14 13:02:780 INFO  RegisterPage :112 - select your day of birth[[ChromeDriver: chrome on WINDOWS (f18ee3c3ba0ded68927ac1bbb925393b)] -> xpath: //select[@name='DateOfBirthDay']]
2023-02-14 13:02:902 INFO  RegisterPage :117 - select your month of birth[[ChromeDriver: chrome on WINDOWS (f18ee3c3ba0ded68927ac1bbb925393b)] -> xpath: //select[@name='DateOfBirthMonth']]
2023-02-14 13:02:21 INFO  RegisterPage :122 - select your year of birth[[ChromeDriver: chrome on WINDOWS (f18ee3c3ba0ded68927ac1bbb925393b)] -> xpath: //select[@name='DateOfBirthYear']]
2023-02-14 13:02:505 INFO  RegisterPage :138 - click on register button[[ChromeDriver: chrome on WINDOWS (f18ee3c3ba0ded68927ac1bbb925393b)] -> xpath: //div[@class='page registration-page']/div[2]/form/div[5]/button]
2023-02-14 13:02:849 INFO  RegisterPage :99 - Click on femaleButton[[ChromeDriver: chrome on WINDOWS (bf676e9ae3671cbdd4b3c1b68d8cb765)] -> xpath: //div[@id='gender']/span[2]/input]
2023-02-14 13:02:194 INFO  RegisterPage :112 - select your day of birth[[ChromeDriver: chrome on WINDOWS (bf676e9ae3671cbdd4b3c1b68d8cb765)] -> xpath: //select[@name='DateOfBirthDay']]
2023-02-14 13:02:338 INFO  RegisterPage :117 - select your month of birth[[ChromeDriver: chrome on WINDOWS (bf676e9ae3671cbdd4b3c1b68d8cb765)] -> xpath: //select[@name='DateOfBirthMonth']]
2023-02-14 13:02:464 INFO  RegisterPage :122 - select your year of birth[[ChromeDriver: chrome on WINDOWS (bf676e9ae3671cbdd4b3c1b68d8cb765)] -> xpath: //select[@name='DateOfBirthYear']]
2023-02-14 13:02:244 INFO  RegisterPage :138 - click on register button[[ChromeDriver: chrome on WINDOWS (bf676e9ae3671cbdd4b3c1b68d8cb765)] -> xpath: //div[@class='page registration-page']/div[2]/form/div[5]/button]
2023-02-14 13:02:316 INFO  RegisterPage :101 - Click on femaleButton[[ChromeDriver: chrome on WINDOWS (9a655c43f8a945d9fd4e51112f47642e)] -> xpath: //div[@id='gender']/span[2]/input]
2023-02-14 13:02:529 INFO  RegisterPage :114 - select your day of birth[[ChromeDriver: chrome on WINDOWS (9a655c43f8a945d9fd4e51112f47642e)] -> xpath: //select[@name='DateOfBirthDay']]
2023-02-14 13:02:593 INFO  RegisterPage :119 - select your month of birth[[ChromeDriver: chrome on WINDOWS (9a655c43f8a945d9fd4e51112f47642e)] -> xpath: //select[@name='DateOfBirthMonth']]
2023-02-14 13:02:661 INFO  RegisterPage :124 - select your year of birth[[ChromeDriver: chrome on WINDOWS (9a655c43f8a945d9fd4e51112f47642e)] -> xpath: //select[@name='DateOfBirthYear']]
2023-02-14 13:02:902 INFO  RegisterPage :140 - click on register button[[ChromeDriver: chrome on WINDOWS (9a655c43f8a945d9fd4e51112f47642e)] -> xpath: //div[@class='page registration-page']/div[2]/form/div[5]/button]
2023-02-14 13:02:303 INFO  RegisterPage :101 - Click on femaleButton[[ChromeDriver: chrome on WINDOWS (cc805adb835ff54630515c182990956b)] -> xpath: //div[@id='gender']/span[2]/input]
2023-02-14 13:02:538 INFO  RegisterPage :114 - select your day of birth[[ChromeDriver: chrome on WINDOWS (cc805adb835ff54630515c182990956b)] -> xpath: //select[@name='DateOfBirthDay']]
2023-02-14 13:02:614 INFO  RegisterPage :119 - select your month of birth[[ChromeDriver: chrome on WINDOWS (cc805adb835ff54630515c182990956b)] -> xpath: //select[@name='DateOfBirthMonth']]
2023-02-14 13:02:675 INFO  RegisterPage :124 - select your year of birth[[ChromeDriver: chrome on WINDOWS (cc805adb835ff54630515c182990956b)] -> xpath: //select[@name='DateOfBirthYear']]
2023-02-14 13:02:966 INFO  RegisterPage :140 - click on register button[[ChromeDriver: chrome on WINDOWS (cc805adb835ff54630515c182990956b)] -> xpath: //div[@class='page registration-page']/div[2]/form/div[5]/button]
2023-02-14 13:02:518 INFO  RegisterPage :101 - Click on femaleButton[[ChromeDriver: chrome on WINDOWS (c09eeb0f2f433e1f80904da5251d0c6e)] -> xpath: //div[@id='gender']/span[2]/input]
2023-02-14 13:02:752 INFO  RegisterPage :114 - select your day of birth[[ChromeDriver: chrome on WINDOWS (c09eeb0f2f433e1f80904da5251d0c6e)] -> xpath: //select[@name='DateOfBirthDay']]
2023-02-14 13:02:824 INFO  RegisterPage :119 - select your month of birth[[ChromeDriver: chrome on WINDOWS (c09eeb0f2f433e1f80904da5251d0c6e)] -> xpath: //select[@name='DateOfBirthMonth']]
2023-02-14 13:02:888 INFO  RegisterPage :124 - select your year of birth[[ChromeDriver: chrome on WINDOWS (c09eeb0f2f433e1f80904da5251d0c6e)] -> xpath: //select[@name='DateOfBirthYear']]
2023-02-14 13:02:380 INFO  RegisterPage :101 - Click on femaleButton[[ChromeDriver: chrome on WINDOWS (1713d392b7ca3af369c31f1abec64ea2)] -> xpath: //div[@id='gender']/span[2]/input]
2023-02-14 13:02:662 INFO  RegisterPage :114 - select your day of birth[[ChromeDriver: chrome on WINDOWS (1713d392b7ca3af369c31f1abec64ea2)] -> xpath: //select[@name='DateOfBirthDay']]
2023-02-14 13:02:753 INFO  RegisterPage :119 - select your month of birth[[ChromeDriver: chrome on WINDOWS (1713d392b7ca3af369c31f1abec64ea2)] -> xpath: //select[@name='DateOfBirthMonth']]
2023-02-14 13:02:844 INFO  RegisterPage :124 - select your year of birth[[ChromeDriver: chrome on WINDOWS (1713d392b7ca3af369c31f1abec64ea2)] -> xpath: //select[@name='DateOfBirthYear']]
2023-02-14 13:02:170 INFO  RegisterPage :140 - click on register button[[ChromeDriver: chrome on WINDOWS (1713d392b7ca3af369c31f1abec64ea2)] -> xpath: //div[@class='page registration-page']/div[2]/form/div[5]/button]
2023-02-14 13:02:380 INFO  RegisterPage :101 - Click on femaleButton[[ChromeDriver: chrome on WINDOWS (5efaedab9add49b0954b3c64504c0881)] -> xpath: //div[@id='gender']/span[2]/input]
2023-02-14 13:02:682 INFO  RegisterPage :114 - select your day of birth[[ChromeDriver: chrome on WINDOWS (5efaedab9add49b0954b3c64504c0881)] -> xpath: //select[@name='DateOfBirthDay']]
2023-02-14 13:02:790 INFO  RegisterPage :119 - select your month of birth[[ChromeDriver: chrome on WINDOWS (5efaedab9add49b0954b3c64504c0881)] -> xpath: //select[@name='DateOfBirthMonth']]
2023-02-14 13:02:897 INFO  RegisterPage :124 - select your year of birth[[ChromeDriver: chrome on WINDOWS (5efaedab9add49b0954b3c64504c0881)] -> xpath: //select[@name='DateOfBirthYear']]
2023-02-14 13:02:280 INFO  RegisterPage :140 - click on register button[[ChromeDriver: chrome on WINDOWS (5efaedab9add49b0954b3c64504c0881)] -> xpath: //div[@class='page registration-page']/div[2]/form/div[5]/button]
2023-02-14 13:02:229 INFO  RegisterPage :101 - Click on femaleButton[[ChromeDriver: chrome on WINDOWS (64dc84dea1e57f81f6f2dacf4dafb10c)] -> xpath: //div[@id='gender']/span[2]/input]
2023-02-14 13:02:522 INFO  RegisterPage :114 - select your day of birth[[ChromeDriver: chrome on WINDOWS (64dc84dea1e57f81f6f2dacf4dafb10c)] -> xpath: //select[@name='DateOfBirthDay']]
2023-02-14 13:02:601 INFO  RegisterPage :119 - select your month of birth[[ChromeDriver: chrome on WINDOWS (64dc84dea1e57f81f6f2dacf4dafb10c)] -> xpath: //select[@name='DateOfBirthMonth']]
2023-02-14 13:02:683 INFO  RegisterPage :124 - select your year of birth[[ChromeDriver: chrome on WINDOWS (64dc84dea1e57f81f6f2dacf4dafb10c)] -> xpath: //select[@name='DateOfBirthYear']]
2023-02-14 13:02:03 INFO  RegisterPage :140 - click on register button[[ChromeDriver: chrome on WINDOWS (64dc84dea1e57f81f6f2dacf4dafb10c)] -> xpath: //div[@class='page registration-page']/div[2]/form/div[5]/button]
2023-02-14 13:02:311 INFO  RegisterPage :101 - Click on femaleButton[[ChromeDriver: chrome on WINDOWS (f080c96017e039cdccc1ea56c29b1fcd)] -> xpath: //div[@id='gender']/span[2]/input]
2023-02-14 13:02:666 INFO  RegisterPage :114 - select your day of birth[[ChromeDriver: chrome on WINDOWS (f080c96017e039cdccc1ea56c29b1fcd)] -> xpath: //select[@name='DateOfBirthDay']]
2023-02-14 13:02:766 INFO  RegisterPage :119 - select your month of birth[[ChromeDriver: chrome on WINDOWS (f080c96017e039cdccc1ea56c29b1fcd)] -> xpath: //select[@name='DateOfBirthMonth']]
2023-02-14 13:02:857 INFO  RegisterPage :124 - select your year of birth[[ChromeDriver: chrome on WINDOWS (f080c96017e039cdccc1ea56c29b1fcd)] -> xpath: //select[@name='DateOfBirthYear']]
2023-02-14 13:02:277 INFO  RegisterPage :140 - click on register button[[ChromeDriver: chrome on WINDOWS (f080c96017e039cdccc1ea56c29b1fcd)] -> xpath: //div[@class='page registration-page']/div[2]/form/div[5]/button]
2023-02-14 13:02:235 INFO  RegisterPage :101 - Click on femaleButton[[ChromeDriver: chrome on WINDOWS (79c9e6816939da3398ca36f6e7e4326f)] -> xpath: //div[@id='gender']/span[2]/input]
2023-02-14 13:02:578 INFO  RegisterPage :114 - select your day of birth[[ChromeDriver: chrome on WINDOWS (79c9e6816939da3398ca36f6e7e4326f)] -> xpath: //select[@name='DateOfBirthDay']]
2023-02-14 13:02:734 INFO  RegisterPage :119 - select your month of birth[[ChromeDriver: chrome on WINDOWS (79c9e6816939da3398ca36f6e7e4326f)] -> xpath: //select[@name='DateOfBirthMonth']]
2023-02-14 13:02:842 INFO  RegisterPage :124 - select your year of birth[[ChromeDriver: chrome on WINDOWS (79c9e6816939da3398ca36f6e7e4326f)] -> xpath: //select[@name='DateOfBirthYear']]
2023-02-14 13:02:388 INFO  RegisterPage :140 - click on register button[[ChromeDriver: chrome on WINDOWS (79c9e6816939da3398ca36f6e7e4326f)] -> xpath: //div[@class='page registration-page']/div[2]/form/div[5]/button]
2023-02-14 13:02:136 INFO  RegisterPage :101 - Click on femaleButton[[ChromeDriver: chrome on WINDOWS (dc7ad9910738a1de66b0f24c62133386)] -> xpath: //div[@id='gender']/span[2]/input]
2023-02-14 13:02:440 INFO  RegisterPage :114 - select your day of birth[[ChromeDriver: chrome on WINDOWS (dc7ad9910738a1de66b0f24c62133386)] -> xpath: //select[@name='DateOfBirthDay']]
2023-02-14 13:02:534 INFO  RegisterPage :119 - select your month of birth[[ChromeDriver: chrome on WINDOWS (dc7ad9910738a1de66b0f24c62133386)] -> xpath: //select[@name='DateOfBirthMonth']]
2023-02-14 13:02:621 INFO  RegisterPage :124 - select your year of birth[[ChromeDriver: chrome on WINDOWS (dc7ad9910738a1de66b0f24c62133386)] -> xpath: //select[@name='DateOfBirthYear']]
2023-02-14 13:02:962 INFO  RegisterPage :140 - click on register button[[ChromeDriver: chrome on WINDOWS (dc7ad9910738a1de66b0f24c62133386)] -> xpath: //div[@class='page registration-page']/div[2]/form/div[5]/button]
2023-02-14 13:02:893 INFO  RegisterPage :101 - Click on femaleButton[[ChromeDriver: chrome on WINDOWS (9d87726d3653ba691fbb352c33178d78)] -> xpath: //div[@id='gender']/span[2]/input]
2023-02-14 13:02:281 INFO  RegisterPage :114 - select your day of birth[[ChromeDriver: chrome on WINDOWS (9d87726d3653ba691fbb352c33178d78)] -> xpath: //select[@name='DateOfBirthDay']]
2023-02-14 13:02:406 INFO  RegisterPage :119 - select your month of birth[[ChromeDriver: chrome on WINDOWS (9d87726d3653ba691fbb352c33178d78)] -> xpath: //select[@name='DateOfBirthMonth']]
2023-02-14 13:02:510 INFO  RegisterPage :124 - select your year of birth[[ChromeDriver: chrome on WINDOWS (9d87726d3653ba691fbb352c33178d78)] -> xpath: //select[@name='DateOfBirthYear']]
2023-02-14 13:02:962 INFO  RegisterPage :140 - click on register button[[ChromeDriver: chrome on WINDOWS (9d87726d3653ba691fbb352c33178d78)] -> xpath: //div[@class='page registration-page']/div[2]/form/div[5]/button]
2023-02-14 13:02:399 INFO  RegisterPage :101 - Click on femaleButton[[ChromeDriver: chrome on WINDOWS (24b7d0c4d9ef6e203dbbbd5c342b1045)] -> xpath: //div[@id='gender']/span[2]/input]
2023-02-14 13:02:708 INFO  RegisterPage :114 - select your day of birth[[ChromeDriver: chrome on WINDOWS (24b7d0c4d9ef6e203dbbbd5c342b1045)] -> xpath: //select[@name='DateOfBirthDay']]
2023-02-14 13:02:805 INFO  RegisterPage :119 - select your month of birth[[ChromeDriver: chrome on WINDOWS (24b7d0c4d9ef6e203dbbbd5c342b1045)] -> xpath: //select[@name='DateOfBirthMonth']]
2023-02-14 13:02:926 INFO  RegisterPage :124 - select your year of birth[[ChromeDriver: chrome on WINDOWS (24b7d0c4d9ef6e203dbbbd5c342b1045)] -> xpath: //select[@name='DateOfBirthYear']]
2023-02-14 13:02:401 INFO  RegisterPage :140 - click on register button[[ChromeDriver: chrome on WINDOWS (24b7d0c4d9ef6e203dbbbd5c342b1045)] -> xpath: //div[@class='page registration-page']/div[2]/form/div[5]/button]
2023-02-14 13:02:832 INFO  RegisterPage :101 - Click on femaleButton[[ChromeDriver: chrome on WINDOWS (8578c2c89380f47d04783e5a02db7518)] -> xpath: //div[@id='gender']/span[2]/input]
2023-02-14 13:02:214 INFO  RegisterPage :114 - select your day of birth[[ChromeDriver: chrome on WINDOWS (8578c2c89380f47d04783e5a02db7518)] -> xpath: //select[@name='DateOfBirthDay']]
2023-02-14 13:02:349 INFO  RegisterPage :119 - select your month of birth[[ChromeDriver: chrome on WINDOWS (8578c2c89380f47d04783e5a02db7518)] -> xpath: //select[@name='DateOfBirthMonth']]
2023-02-14 13:02:480 INFO  RegisterPage :124 - select your year of birth[[ChromeDriver: chrome on WINDOWS (8578c2c89380f47d04783e5a02db7518)] -> xpath: //select[@name='DateOfBirthYear']]
2023-02-14 13:02:71 INFO  RegisterPage :140 - click on register button[[ChromeDriver: chrome on WINDOWS (8578c2c89380f47d04783e5a02db7518)] -> xpath: //div[@class='page registration-page']/div[2]/form/div[5]/button]
2023-02-14 13:02:587 INFO  RegisterPage :101 - Click on femaleButton[[ChromeDriver: chrome on WINDOWS (bbcf3e15fc70c7ee244558464944f5a7)] -> xpath: //div[@id='gender']/span[2]/input]
2023-02-14 13:02:166 INFO  RegisterPage :114 - select your day of birth[[ChromeDriver: chrome on WINDOWS (bbcf3e15fc70c7ee244558464944f5a7)] -> xpath: //select[@name='DateOfBirthDay']]
2023-02-14 13:02:342 INFO  RegisterPage :119 - select your month of birth[[ChromeDriver: chrome on WINDOWS (bbcf3e15fc70c7ee244558464944f5a7)] -> xpath: //select[@name='DateOfBirthMonth']]
2023-02-14 13:02:501 INFO  RegisterPage :124 - select your year of birth[[ChromeDriver: chrome on WINDOWS (bbcf3e15fc70c7ee244558464944f5a7)] -> xpath: //select[@name='DateOfBirthYear']]
2023-02-14 13:02:39 INFO  RegisterPage :140 - click on register button[[ChromeDriver: chrome on WINDOWS (bbcf3e15fc70c7ee244558464944f5a7)] -> xpath: //div[@class='page registration-page']/div[2]/form/div[5]/button]
2023-02-14 13:02:248 INFO  RegisterPage :101 - Click on femaleButton[[ChromeDriver: chrome on WINDOWS (49c8a099b9d0482af2a2940ea5048c58)] -> xpath: //div[@id='gender']/span[2]/input]
2023-02-14 13:02:872 INFO  RegisterPage :114 - select your day of birth[[ChromeDriver: chrome on WINDOWS (49c8a099b9d0482af2a2940ea5048c58)] -> xpath: //select[@name='DateOfBirthDay']]
2023-02-14 13:02:41 INFO  RegisterPage :119 - select your month of birth[[ChromeDriver: chrome on WINDOWS (49c8a099b9d0482af2a2940ea5048c58)] -> xpath: //select[@name='DateOfBirthMonth']]
2023-02-14 13:02:175 INFO  RegisterPage :124 - select your year of birth[[ChromeDriver: chrome on WINDOWS (49c8a099b9d0482af2a2940ea5048c58)] -> xpath: //select[@name='DateOfBirthYear']]
2023-02-14 13:02:762 INFO  RegisterPage :140 - click on register button[[ChromeDriver: chrome on WINDOWS (49c8a099b9d0482af2a2940ea5048c58)] -> xpath: //div[@class='page registration-page']/div[2]/form/div[5]/button]
2023-02-14 13:02:120 INFO  RegisterPage :101 - Click on femaleButton[[ChromeDriver: chrome on WINDOWS (be5c5ae19cd96f28c29cc8b812ac4649)] -> xpath: //div[@id='gender']/span[2]/input]
2023-02-14 13:02:535 INFO  RegisterPage :114 - select your day of birth[[ChromeDriver: chrome on WINDOWS (be5c5ae19cd96f28c29cc8b812ac4649)] -> xpath: //select[@name='DateOfBirthDay']]
2023-02-14 13:02:673 INFO  RegisterPage :119 - select your month of birth[[ChromeDriver: chrome on WINDOWS (be5c5ae19cd96f28c29cc8b812ac4649)] -> xpath: //select[@name='DateOfBirthMonth']]
2023-02-14 13:02:787 INFO  RegisterPage :124 - select your year of birth[[ChromeDriver: chrome on WINDOWS (be5c5ae19cd96f28c29cc8b812ac4649)] -> xpath: //select[@name='DateOfBirthYear']]
2023-02-14 13:02:389 INFO  RegisterPage :140 - click on register button[[ChromeDriver: chrome on WINDOWS (be5c5ae19cd96f28c29cc8b812ac4649)] -> xpath: //div[@class='page registration-page']/div[2]/form/div[5]/button]
2023-02-14 13:02:344 INFO  RegisterPage :101 - Click on femaleButton[[ChromeDriver: chrome on WINDOWS (2b23e375a3a437879de2b55e436fa918)] -> xpath: //div[@id='gender']/span[2]/input]
2023-02-14 13:02:581 INFO  RegisterPage :114 - select your day of birth[[ChromeDriver: chrome on WINDOWS (2b23e375a3a437879de2b55e436fa918)] -> xpath: //select[@name='DateOfBirthDay']]
2023-02-14 13:02:649 INFO  RegisterPage :119 - select your month of birth[[ChromeDriver: chrome on WINDOWS (2b23e375a3a437879de2b55e436fa918)] -> xpath: //select[@name='DateOfBirthMonth']]
2023-02-14 13:02:713 INFO  RegisterPage :124 - select your year of birth[[ChromeDriver: chrome on WINDOWS (2b23e375a3a437879de2b55e436fa918)] -> xpath: //select[@name='DateOfBirthYear']]
2023-02-14 13:02:939 INFO  RegisterPage :140 - click on register button[[ChromeDriver: chrome on WINDOWS (2b23e375a3a437879de2b55e436fa918)] -> xpath: //div[@class='page registration-page']/div[2]/form/div[5]/button]
2023-02-14 13:02:676 INFO  RegisterPage :101 - Click on femaleButton[[ChromeDriver: chrome on WINDOWS (0b511ea759187fad96d0498c731a5839)] -> xpath: //div[@id='gender']/span[2]/input]
2023-02-14 13:02:175 INFO  RegisterPage :114 - select your day of birth[[ChromeDriver: chrome on WINDOWS (0b511ea759187fad96d0498c731a5839)] -> xpath: //select[@name='DateOfBirthDay']]
2023-02-14 13:02:303 INFO  RegisterPage :119 - select your month of birth[[ChromeDriver: chrome on WINDOWS (0b511ea759187fad96d0498c731a5839)] -> xpath: //select[@name='DateOfBirthMonth']]
2023-02-14 13:02:414 INFO  RegisterPage :124 - select your year of birth[[ChromeDriver: chrome on WINDOWS (0b511ea759187fad96d0498c731a5839)] -> xpath: //select[@name='DateOfBirthYear']]
2023-02-14 13:02:905 INFO  RegisterPage :140 - click on register button[[ChromeDriver: chrome on WINDOWS (0b511ea759187fad96d0498c731a5839)] -> xpath: //div[@class='page registration-page']/div[2]/form/div[5]/button]
2023-02-14 13:02:908 INFO  RegisterPage :101 - Click on femaleButton[[ChromeDriver: chrome on WINDOWS (b382ba9505f02c6fc374e69a1ae5f996)] -> xpath: //div[@id='gender']/span[2]/input]
2023-02-14 13:02:288 INFO  RegisterPage :114 - select your day of birth[[ChromeDriver: chrome on WINDOWS (b382ba9505f02c6fc374e69a1ae5f996)] -> xpath: //select[@name='DateOfBirthDay']]
2023-02-14 13:02:396 INFO  RegisterPage :119 - select your month of birth[[ChromeDriver: chrome on WINDOWS (b382ba9505f02c6fc374e69a1ae5f996)] -> xpath: //select[@name='DateOfBirthMonth']]
2023-02-14 13:02:507 INFO  RegisterPage :124 - select your year of birth[[ChromeDriver: chrome on WINDOWS (b382ba9505f02c6fc374e69a1ae5f996)] -> xpath: //select[@name='DateOfBirthYear']]
2023-02-14 13:02:942 INFO  RegisterPage :140 - click on register button[[ChromeDriver: chrome on WINDOWS (b382ba9505f02c6fc374e69a1ae5f996)] -> xpath: //div[@class='page registration-page']/div[2]/form/div[5]/button]
2023-02-14 13:02:349 INFO  RegisterPage :171 - Verify Registration Complete TextProxy element for: DefaultElementLocator 'By.xpath: //div[@class='result']'
2023-02-14 13:02:601 INFO  RegisterPage :101 - Click on femaleButton[[ChromeDriver: chrome on WINDOWS (11545bc76d120ad78a4ac30696eb3904)] -> xpath: //div[@id='gender']/span[2]/input]
2023-02-14 13:02:932 INFO  RegisterPage :114 - select your day of birth[[ChromeDriver: chrome on WINDOWS (11545bc76d120ad78a4ac30696eb3904)] -> xpath: //select[@name='DateOfBirthDay']]
2023-02-14 13:02:36 INFO  RegisterPage :119 - select your month of birth[[ChromeDriver: chrome on WINDOWS (11545bc76d120ad78a4ac30696eb3904)] -> xpath: //select[@name='DateOfBirthMonth']]
2023-02-14 13:02:121 INFO  RegisterPage :124 - select your year of birth[[ChromeDriver: chrome on WINDOWS (11545bc76d120ad78a4ac30696eb3904)] -> xpath: //select[@name='DateOfBirthYear']]
2023-02-14 13:02:507 INFO  RegisterPage :140 - click on register button[[ChromeDriver: chrome on WINDOWS (11545bc76d120ad78a4ac30696eb3904)] -> xpath: //div[@class='page registration-page']/div[2]/form/div[5]/button]
2023-02-14 13:02:920 INFO  RegisterPage :171 - Verify Registration Complete TextProxy element for: DefaultElementLocator 'By.xpath: //div[text()='Your registration completed']'
2023-02-14 14:02:526 INFO  RegisterPage :101 - Click on femaleButton[[ChromeDriver: chrome on WINDOWS (c86d802ee52fb78204aee75fa196c8fe)] -> xpath: //div[@id='gender']/span[2]/input]
2023-02-14 14:02:890 INFO  RegisterPage :114 - select your day of birth[[ChromeDriver: chrome on WINDOWS (c86d802ee52fb78204aee75fa196c8fe)] -> xpath: //select[@name='DateOfBirthDay']]
2023-02-14 14:02:989 INFO  RegisterPage :119 - select your month of birth[[ChromeDriver: chrome on WINDOWS (c86d802ee52fb78204aee75fa196c8fe)] -> xpath: //select[@name='DateOfBirthMonth']]
2023-02-14 14:02:85 INFO  RegisterPage :124 - select your year of birth[[ChromeDriver: chrome on WINDOWS (c86d802ee52fb78204aee75fa196c8fe)] -> xpath: //select[@name='DateOfBirthYear']]
2023-02-14 14:02:500 INFO  RegisterPage :140 - click on register button[[ChromeDriver: chrome on WINDOWS (c86d802ee52fb78204aee75fa196c8fe)] -> xpath: //div[@class='page registration-page']/div[2]/form/div[5]/button]
2023-02-14 14:02:119 INFO  RegisterPage :171 - Verify Registration Complete Text[[ChromeDriver: chrome on WINDOWS (c86d802ee52fb78204aee75fa196c8fe)] -> xpath: //div[text()='Your registration completed']]
2023-02-14 14:02:793 INFO  RegisterPage :171 - Verify Registration Complete TextProxy element for: DefaultElementLocator 'By.xpath: //div[text()='Your registration completed']'
2023-02-14 14:02:330 INFO  RegisterPage :101 - Click on femaleButton[[ChromeDriver: chrome on WINDOWS (d279ea9bff7e2ce25a8c20ee34e9ec36)] -> xpath: //div[@id='gender']/span[2]/input]
2023-02-14 14:02:685 INFO  RegisterPage :114 - select your day of birth[[ChromeDriver: chrome on WINDOWS (d279ea9bff7e2ce25a8c20ee34e9ec36)] -> xpath: //select[@name='DateOfBirthDay']]
2023-02-14 14:02:780 INFO  RegisterPage :119 - select your month of birth[[ChromeDriver: chrome on WINDOWS (d279ea9bff7e2ce25a8c20ee34e9ec36)] -> xpath: //select[@name='DateOfBirthMonth']]
2023-02-14 14:02:925 INFO  RegisterPage :124 - select your year of birth[[ChromeDriver: chrome on WINDOWS (d279ea9bff7e2ce25a8c20ee34e9ec36)] -> xpath: //select[@name='DateOfBirthYear']]
2023-02-14 14:02:712 INFO  RegisterPage :140 - click on register button[[ChromeDriver: chrome on WINDOWS (d279ea9bff7e2ce25a8c20ee34e9ec36)] -> xpath: //div[@class='page registration-page']/div[2]/form/div[5]/button]
2023-02-14 14:02:154 INFO  RegisterPage :101 - Click on femaleButton[[ChromeDriver: chrome on WINDOWS (d783c8cc17885cbe789fe8b9f06a577d)] -> xpath: //div[@id='gender']/span[2]/input]
2023-02-14 14:02:484 INFO  RegisterPage :114 - select your day of birth[[ChromeDriver: chrome on WINDOWS (d783c8cc17885cbe789fe8b9f06a577d)] -> xpath: //select[@name='DateOfBirthDay']]
2023-02-14 14:02:610 INFO  RegisterPage :119 - select your month of birth[[ChromeDriver: chrome on WINDOWS (d783c8cc17885cbe789fe8b9f06a577d)] -> xpath: //select[@name='DateOfBirthMonth']]
2023-02-14 14:02:734 INFO  RegisterPage :124 - select your year of birth[[ChromeDriver: chrome on WINDOWS (d783c8cc17885cbe789fe8b9f06a577d)] -> xpath: //select[@name='DateOfBirthYear']]
2023-02-14 14:02:243 INFO  RegisterPage :140 - click on register button[[ChromeDriver: chrome on WINDOWS (d783c8cc17885cbe789fe8b9f06a577d)] -> xpath: //div[@class='page registration-page']/div[2]/form/div[5]/button]
2023-02-14 14:02:744 INFO  RegisterPage :101 - Click on femaleButton[[ChromeDriver: chrome on WINDOWS (c7111aa7fbb50507b226a830dc252d7d)] -> xpath: //div[@id='gender']/span[2]/input]
2023-02-14 14:02:160 INFO  RegisterPage :114 - select your day of birth[[ChromeDriver: chrome on WINDOWS (c7111aa7fbb50507b226a830dc252d7d)] -> xpath: //select[@name='DateOfBirthDay']]
2023-02-14 14:02:336 INFO  RegisterPage :119 - select your month of birth[[ChromeDriver: chrome on WINDOWS (c7111aa7fbb50507b226a830dc252d7d)] -> xpath: //select[@name='DateOfBirthMonth']]
2023-02-14 14:02:462 INFO  RegisterPage :124 - select your year of birth[[ChromeDriver: chrome on WINDOWS (c7111aa7fbb50507b226a830dc252d7d)] -> xpath: //select[@name='DateOfBirthYear']]
2023-02-14 14:02:888 INFO  RegisterPage :140 - click on register button[[ChromeDriver: chrome on WINDOWS (c7111aa7fbb50507b226a830dc252d7d)] -> xpath: //div[@class='page registration-page']/div[2]/form/div[5]/button]
2023-02-14 14:02:126 INFO  RegisterPage :101 - Click on femaleButton[[ChromeDriver: chrome on WINDOWS (6696c646dd3eb8c01691aec7664c05db)] -> xpath: //div[@id='gender']/span[2]/input]
2023-02-14 14:02:712 INFO  RegisterPage :114 - select your day of birth[[ChromeDriver: chrome on WINDOWS (6696c646dd3eb8c01691aec7664c05db)] -> xpath: //select[@name='DateOfBirthDay']]
2023-02-14 14:02:881 INFO  RegisterPage :119 - select your month of birth[[ChromeDriver: chrome on WINDOWS (6696c646dd3eb8c01691aec7664c05db)] -> xpath: //select[@name='DateOfBirthMonth']]
2023-02-14 14:02:50 INFO  RegisterPage :124 - select your year of birth[[ChromeDriver: chrome on WINDOWS (6696c646dd3eb8c01691aec7664c05db)] -> xpath: //select[@name='DateOfBirthYear']]
2023-02-14 14:02:668 INFO  RegisterPage :140 - click on register button[[ChromeDriver: chrome on WINDOWS (6696c646dd3eb8c01691aec7664c05db)] -> xpath: //div[@class='page registration-page']/div[2]/form/div[5]/button]
2023-02-14 14:02:281 INFO  RegisterPage :101 - Click on femaleButton[[ChromeDriver: chrome on WINDOWS (159ba3f682cd473a7a59c006dedf26c8)] -> xpath: //div[@id='gender']/span[2]/input]
2023-02-14 14:02:761 INFO  RegisterPage :114 - select your day of birth[[ChromeDriver: chrome on WINDOWS (159ba3f682cd473a7a59c006dedf26c8)] -> xpath: //select[@name='DateOfBirthDay']]
2023-02-14 14:02:916 INFO  RegisterPage :119 - select your month of birth[[ChromeDriver: chrome on WINDOWS (159ba3f682cd473a7a59c006dedf26c8)] -> xpath: //select[@name='DateOfBirthMonth']]
2023-02-14 14:02:91 INFO  RegisterPage :124 - select your year of birth[[ChromeDriver: chrome on WINDOWS (159ba3f682cd473a7a59c006dedf26c8)] -> xpath: //select[@name='DateOfBirthYear']]
2023-02-14 14:02:688 INFO  RegisterPage :140 - click on register button[[ChromeDriver: chrome on WINDOWS (159ba3f682cd473a7a59c006dedf26c8)] -> xpath: //div[@class='page registration-page']/div[2]/form/div[5]/button]
2023-02-14 14:02:406 INFO  RegisterPage :101 - Click on femaleButton[[ChromeDriver: chrome on WINDOWS (4b4690f473f421b17a9ece5a6116a566)] -> xpath: //div[@id='gender']/span[2]/input]
2023-02-14 14:02:949 INFO  RegisterPage :114 - select your day of birth[[ChromeDriver: chrome on WINDOWS (4b4690f473f421b17a9ece5a6116a566)] -> xpath: //select[@name='DateOfBirthDay']]
2023-02-14 14:02:177 INFO  RegisterPage :119 - select your month of birth[[ChromeDriver: chrome on WINDOWS (4b4690f473f421b17a9ece5a6116a566)] -> xpath: //select[@name='DateOfBirthMonth']]
2023-02-14 14:02:355 INFO  RegisterPage :124 - select your year of birth[[ChromeDriver: chrome on WINDOWS (4b4690f473f421b17a9ece5a6116a566)] -> xpath: //select[@name='DateOfBirthYear']]
2023-02-14 14:02:14 INFO  RegisterPage :140 - click on register button[[ChromeDriver: chrome on WINDOWS (4b4690f473f421b17a9ece5a6116a566)] -> xpath: //div[@class='page registration-page']/div[2]/form/div[5]/button]
2023-02-14 14:02:750 INFO  RegisterPage :171 - Verify Registration Complete Text[[ChromeDriver: chrome on WINDOWS (4b4690f473f421b17a9ece5a6116a566)] -> xpath: //div[text()='Your registration completed']]
2023-02-14 14:02:473 INFO  RegisterPage :101 - Click on femaleButton[[ChromeDriver: chrome on WINDOWS (4a7ae979dc931a7a6aadfc0d9f6ec01b)] -> xpath: //div[@id='gender']/span[2]/input]
2023-02-14 14:02:908 INFO  RegisterPage :114 - select your day of birth[[ChromeDriver: chrome on WINDOWS (4a7ae979dc931a7a6aadfc0d9f6ec01b)] -> xpath: //select[@name='DateOfBirthDay']]
2023-02-14 14:02:23 INFO  RegisterPage :119 - select your month of birth[[ChromeDriver: chrome on WINDOWS (4a7ae979dc931a7a6aadfc0d9f6ec01b)] -> xpath: //select[@name='DateOfBirthMonth']]
2023-02-14 14:02:184 INFO  RegisterPage :124 - select your year of birth[[ChromeDriver: chrome on WINDOWS (4a7ae979dc931a7a6aadfc0d9f6ec01b)] -> xpath: //select[@name='DateOfBirthYear']]
2023-02-14 14:02:714 INFO  RegisterPage :140 - click on register button[[ChromeDriver: chrome on WINDOWS (4a7ae979dc931a7a6aadfc0d9f6ec01b)] -> xpath: //div[@class='page registration-page']/div[2]/form/div[5]/button]
2023-02-14 14:02:547 INFO  RegisterPage :101 - Click on femaleButton[[ChromeDriver: chrome on WINDOWS (08ec3f3cd252109730d4fdcd2b847c96)] -> xpath: //div[@id='gender']/span[2]/input]
2023-02-14 14:02:913 INFO  RegisterPage :114 - select your day of birth[[ChromeDriver: chrome on WINDOWS (08ec3f3cd252109730d4fdcd2b847c96)] -> xpath: //select[@name='DateOfBirthDay']]
2023-02-14 14:02:108 INFO  RegisterPage :119 - select your month of birth[[ChromeDriver: chrome on WINDOWS (08ec3f3cd252109730d4fdcd2b847c96)] -> xpath: //select[@name='DateOfBirthMonth']]
2023-02-14 14:02:215 INFO  RegisterPage :124 - select your year of birth[[ChromeDriver: chrome on WINDOWS (08ec3f3cd252109730d4fdcd2b847c96)] -> xpath: //select[@name='DateOfBirthYear']]
2023-02-14 14:02:796 INFO  RegisterPage :140 - click on register button[[ChromeDriver: chrome on WINDOWS (08ec3f3cd252109730d4fdcd2b847c96)] -> xpath: //div[@class='page registration-page']/div[2]/form/div[5]/button]
2023-02-14 14:02:492 INFO  RegisterPage :101 - Click on femaleButton[[ChromeDriver: chrome on WINDOWS (4659a3be1e9a0a461d07492a90da423d)] -> xpath: //div[@id='gender']/span[2]/input]
2023-02-14 14:02:823 INFO  RegisterPage :114 - select your day of birth[[ChromeDriver: chrome on WINDOWS (4659a3be1e9a0a461d07492a90da423d)] -> xpath: //select[@name='DateOfBirthDay']]
2023-02-14 14:02:512 INFO  RegisterPage :119 - select your month of birth[[ChromeDriver: chrome on WINDOWS (4659a3be1e9a0a461d07492a90da423d)] -> xpath: //select[@name='DateOfBirthMonth']]
2023-02-14 14:02:945 INFO  RegisterPage :124 - select your year of birth[[ChromeDriver: chrome on WINDOWS (4659a3be1e9a0a461d07492a90da423d)] -> xpath: //select[@name='DateOfBirthYear']]
2023-02-14 14:02:47 INFO  RegisterPage :140 - click on register button[[ChromeDriver: chrome on WINDOWS (4659a3be1e9a0a461d07492a90da423d)] -> xpath: //div[@class='page registration-page']/div[2]/form/div[5]/button]
2023-02-14 14:02:247 INFO  RegisterPage :101 - Click on femaleButton[[ChromeDriver: chrome on WINDOWS (d6af8508adf66d8a8aa974cf35a74d97)] -> xpath: //div[@id='gender']/span[2]/input]
2023-02-14 14:02:803 INFO  RegisterPage :114 - select your day of birth[[ChromeDriver: chrome on WINDOWS (d6af8508adf66d8a8aa974cf35a74d97)] -> xpath: //select[@name='DateOfBirthDay']]
2023-02-14 14:02:951 INFO  RegisterPage :119 - select your month of birth[[ChromeDriver: chrome on WINDOWS (d6af8508adf66d8a8aa974cf35a74d97)] -> xpath: //select[@name='DateOfBirthMonth']]
2023-02-14 14:02:106 INFO  RegisterPage :124 - select your year of birth[[ChromeDriver: chrome on WINDOWS (d6af8508adf66d8a8aa974cf35a74d97)] -> xpath: //select[@name='DateOfBirthYear']]
2023-02-14 14:02:724 INFO  RegisterPage :140 - click on register button[[ChromeDriver: chrome on WINDOWS (d6af8508adf66d8a8aa974cf35a74d97)] -> xpath: //div[@class='page registration-page']/div[2]/form/div[5]/button]
2023-02-14 14:02:07 INFO  RegisterPage :101 - Click on femaleButton[[ChromeDriver: chrome on WINDOWS (b73753f4091d9bfd7840a2d5e4c9077a)] -> xpath: //div[@id='gender']/span[2]/input]
2023-02-14 14:02:471 INFO  RegisterPage :114 - select your day of birth[[ChromeDriver: chrome on WINDOWS (b73753f4091d9bfd7840a2d5e4c9077a)] -> xpath: //select[@name='DateOfBirthDay']]
2023-02-14 14:02:618 INFO  RegisterPage :119 - select your month of birth[[ChromeDriver: chrome on WINDOWS (b73753f4091d9bfd7840a2d5e4c9077a)] -> xpath: //select[@name='DateOfBirthMonth']]
2023-02-14 14:02:756 INFO  RegisterPage :124 - select your year of birth[[ChromeDriver: chrome on WINDOWS (b73753f4091d9bfd7840a2d5e4c9077a)] -> xpath: //select[@name='DateOfBirthYear']]
2023-02-14 14:02:415 INFO  RegisterPage :140 - click on register button[[ChromeDriver: chrome on WINDOWS (b73753f4091d9bfd7840a2d5e4c9077a)] -> xpath: //div[@class='page registration-page']/div[2]/form/div[5]/button]
2023-02-14 14:02:693 INFO  RegisterPage :101 - Click on femaleButton[[ChromeDriver: chrome on WINDOWS (32ed275829e2cb0b48e56563b298c4d3)] -> xpath: //div[@id='gender']/span[2]/input]
2023-02-14 14:02:202 INFO  RegisterPage :114 - select your day of birth[[ChromeDriver: chrome on WINDOWS (32ed275829e2cb0b48e56563b298c4d3)] -> xpath: //select[@name='DateOfBirthDay']]
2023-02-14 14:02:354 INFO  RegisterPage :119 - select your month of birth[[ChromeDriver: chrome on WINDOWS (32ed275829e2cb0b48e56563b298c4d3)] -> xpath: //select[@name='DateOfBirthMonth']]
2023-02-14 14:02:501 INFO  RegisterPage :124 - select your year of birth[[ChromeDriver: chrome on WINDOWS (32ed275829e2cb0b48e56563b298c4d3)] -> xpath: //select[@name='DateOfBirthYear']]
2023-02-14 14:02:108 INFO  RegisterPage :140 - click on register button[[ChromeDriver: chrome on WINDOWS (32ed275829e2cb0b48e56563b298c4d3)] -> xpath: //div[@class='page registration-page']/div[2]/form/div[5]/button]
2023-02-14 14:02:822 INFO  RegisterPage :101 - Click on femaleButton[[ChromeDriver: chrome on WINDOWS (1fe92dd43928b83289930b66221819bc)] -> xpath: //div[@id='gender']/span[2]/input]
2023-02-14 14:02:978 INFO  RegisterPage :114 - select your day of birth[[ChromeDriver: chrome on WINDOWS (1fe92dd43928b83289930b66221819bc)] -> xpath: //select[@name='DateOfBirthDay']]
2023-02-14 14:02:284 INFO  RegisterPage :119 - select your month of birth[[ChromeDriver: chrome on WINDOWS (1fe92dd43928b83289930b66221819bc)] -> xpath: //select[@name='DateOfBirthMonth']]
2023-02-14 14:02:679 INFO  RegisterPage :124 - select your year of birth[[ChromeDriver: chrome on WINDOWS (1fe92dd43928b83289930b66221819bc)] -> xpath: //select[@name='DateOfBirthYear']]
2023-02-14 14:02:676 INFO  RegisterPage :140 - click on register button[[ChromeDriver: chrome on WINDOWS (1fe92dd43928b83289930b66221819bc)] -> xpath: //div[@class='page registration-page']/div[2]/form/div[5]/button]
2023-02-14 14:02:524 INFO  RegisterPage :101 - Click on femaleButton[[ChromeDriver: chrome on WINDOWS (0e4fd34dc3a4735d7d07b48760012a87)] -> xpath: //div[@id='gender']/span[2]/input]
2023-02-14 14:02:120 INFO  RegisterPage :114 - select your day of birth[[ChromeDriver: chrome on WINDOWS (0e4fd34dc3a4735d7d07b48760012a87)] -> xpath: //select[@name='DateOfBirthDay']]
2023-02-14 14:02:781 INFO  RegisterPage :119 - select your month of birth[[ChromeDriver: chrome on WINDOWS (0e4fd34dc3a4735d7d07b48760012a87)] -> xpath: //select[@name='DateOfBirthMonth']]
2023-02-14 14:02:394 INFO  RegisterPage :124 - select your year of birth[[ChromeDriver: chrome on WINDOWS (0e4fd34dc3a4735d7d07b48760012a87)] -> xpath: //select[@name='DateOfBirthYear']]
2023-02-14 14:02:140 INFO  RegisterPage :140 - click on register button[[ChromeDriver: chrome on WINDOWS (0e4fd34dc3a4735d7d07b48760012a87)] -> xpath: //div[@class='page registration-page']/div[2]/form/div[5]/button]
2023-02-14 14:02:98 INFO  RegisterPage :101 - Click on femaleButton[[ChromeDriver: chrome on WINDOWS (3c8d7137644e3d3943e2283d08362c23)] -> xpath: //div[@id='gender']/span[2]/input]
2023-02-14 14:02:683 INFO  RegisterPage :114 - select your day of birth[[ChromeDriver: chrome on WINDOWS (3c8d7137644e3d3943e2283d08362c23)] -> xpath: //select[@name='DateOfBirthDay']]
2023-02-14 14:02:843 INFO  RegisterPage :119 - select your month of birth[[ChromeDriver: chrome on WINDOWS (3c8d7137644e3d3943e2283d08362c23)] -> xpath: //select[@name='DateOfBirthMonth']]
2023-02-14 14:02:07 INFO  RegisterPage :124 - select your year of birth[[ChromeDriver: chrome on WINDOWS (3c8d7137644e3d3943e2283d08362c23)] -> xpath: //select[@name='DateOfBirthYear']]
2023-02-14 14:02:828 INFO  RegisterPage :140 - click on register button[[ChromeDriver: chrome on WINDOWS (3c8d7137644e3d3943e2283d08362c23)] -> xpath: //div[@class='page registration-page']/div[2]/form/div[5]/button]
2023-02-14 14:02:604 INFO  RegisterPage :101 - Click on femaleButton[[ChromeDriver: chrome on WINDOWS (7948e543eed4e173f9e9089ea8f2a60c)] -> xpath: //div[@id='gender']/span[2]/input]
2023-02-14 14:02:20 INFO  RegisterPage :114 - select your day of birth[[ChromeDriver: chrome on WINDOWS (7948e543eed4e173f9e9089ea8f2a60c)] -> xpath: //select[@name='DateOfBirthDay']]
2023-02-14 14:02:491 INFO  RegisterPage :119 - select your month of birth[[ChromeDriver: chrome on WINDOWS (7948e543eed4e173f9e9089ea8f2a60c)] -> xpath: //select[@name='DateOfBirthMonth']]
2023-02-14 14:02:45 INFO  RegisterPage :124 - select your year of birth[[ChromeDriver: chrome on WINDOWS (7948e543eed4e173f9e9089ea8f2a60c)] -> xpath: //select[@name='DateOfBirthYear']]
2023-02-14 14:02:397 INFO  RegisterPage :140 - click on register button[[ChromeDriver: chrome on WINDOWS (7948e543eed4e173f9e9089ea8f2a60c)] -> xpath: //div[@class='page registration-page']/div[2]/form/div[5]/button]
2023-02-14 14:02:806 INFO  RegisterPage :171 - Verify Registration Complete Text[[ChromeDriver: chrome on WINDOWS (7948e543eed4e173f9e9089ea8f2a60c)] -> xpath: //div[text()='Your registration completed']]
2023-02-14 14:02:855 INFO  RegisterPage :101 - Click on femaleButton[[ChromeDriver: chrome on WINDOWS (f269aef42e3aacd08222bdfb40d29e47)] -> xpath: //div[@id='gender']/span[2]/input]
2023-02-14 14:02:271 INFO  RegisterPage :114 - select your day of birth[[ChromeDriver: chrome on WINDOWS (f269aef42e3aacd08222bdfb40d29e47)] -> xpath: //select[@name='DateOfBirthDay']]
2023-02-14 14:02:392 INFO  RegisterPage :119 - select your month of birth[[ChromeDriver: chrome on WINDOWS (f269aef42e3aacd08222bdfb40d29e47)] -> xpath: //select[@name='DateOfBirthMonth']]
2023-02-14 14:02:535 INFO  RegisterPage :124 - select your year of birth[[ChromeDriver: chrome on WINDOWS (f269aef42e3aacd08222bdfb40d29e47)] -> xpath: //select[@name='DateOfBirthYear']]
2023-02-14 14:02:149 INFO  RegisterPage :140 - click on register button[[ChromeDriver: chrome on WINDOWS (f269aef42e3aacd08222bdfb40d29e47)] -> xpath: //div[@class='page registration-page']/div[2]/form/div[5]/button]
2023-02-14 14:02:627 INFO  RegisterPage :101 - Click on femaleButton[[ChromeDriver: chrome on WINDOWS (7072d9ef1216c249f26d50b5d5b04bfe)] -> xpath: //div[@id='gender']/span[2]/input]
2023-02-14 14:02:102 INFO  RegisterPage :114 - select your day of birth[[ChromeDriver: chrome on WINDOWS (7072d9ef1216c249f26d50b5d5b04bfe)] -> xpath: //select[@name='DateOfBirthDay']]
2023-02-14 14:02:246 INFO  RegisterPage :119 - select your month of birth[[ChromeDriver: chrome on WINDOWS (7072d9ef1216c249f26d50b5d5b04bfe)] -> xpath: //select[@name='DateOfBirthMonth']]
2023-02-14 14:02:430 INFO  RegisterPage :124 - select your year of birth[[ChromeDriver: chrome on WINDOWS (7072d9ef1216c249f26d50b5d5b04bfe)] -> xpath: //select[@name='DateOfBirthYear']]
2023-02-14 14:02:176 INFO  RegisterPage :140 - click on register button[[ChromeDriver: chrome on WINDOWS (7072d9ef1216c249f26d50b5d5b04bfe)] -> xpath: //div[@class='page registration-page']/div[2]/form/div[5]/button]
2023-02-14 14:02:780 INFO  RegisterPage :101 - Click on femaleButton[[ChromeDriver: chrome on WINDOWS (b13e6a80e42898265eeb398d2e1c120a)] -> xpath: //div[@id='gender']/span[2]/input]
2023-02-14 14:02:86 INFO  RegisterPage :114 - select your day of birth[[ChromeDriver: chrome on WINDOWS (b13e6a80e42898265eeb398d2e1c120a)] -> xpath: //select[@name='DateOfBirthDay']]
2023-02-14 14:02:659 INFO  RegisterPage :119 - select your month of birth[[ChromeDriver: chrome on WINDOWS (b13e6a80e42898265eeb398d2e1c120a)] -> xpath: //select[@name='DateOfBirthMonth']]
2023-02-14 14:02:985 INFO  RegisterPage :124 - select your year of birth[[ChromeDriver: chrome on WINDOWS (b13e6a80e42898265eeb398d2e1c120a)] -> xpath: //select[@name='DateOfBirthYear']]
2023-02-14 14:02:70 INFO  RegisterPage :140 - click on register button[[ChromeDriver: chrome on WINDOWS (b13e6a80e42898265eeb398d2e1c120a)] -> xpath: //div[@class='page registration-page']/div[2]/form/div[5]/button]
2023-02-14 14:02:321 INFO  RegisterPage :101 - Click on femaleButton[[ChromeDriver: chrome on WINDOWS (f9df47a95eab05e7b7d360e985d466e9)] -> xpath: //div[@id='gender']/span[2]/input]
2023-02-14 14:02:80 INFO  RegisterPage :114 - select your day of birth[[ChromeDriver: chrome on WINDOWS (f9df47a95eab05e7b7d360e985d466e9)] -> xpath: //select[@name='DateOfBirthDay']]
2023-02-14 14:02:297 INFO  RegisterPage :119 - select your month of birth[[ChromeDriver: chrome on WINDOWS (f9df47a95eab05e7b7d360e985d466e9)] -> xpath: //select[@name='DateOfBirthMonth']]
2023-02-14 14:02:463 INFO  RegisterPage :124 - select your year of birth[[ChromeDriver: chrome on WINDOWS (f9df47a95eab05e7b7d360e985d466e9)] -> xpath: //select[@name='DateOfBirthYear']]
2023-02-14 14:02:562 INFO  RegisterPage :140 - click on register button[[ChromeDriver: chrome on WINDOWS (f9df47a95eab05e7b7d360e985d466e9)] -> xpath: //div[@class='page registration-page']/div[2]/form/div[5]/button]
2023-02-14 14:02:345 INFO  RegisterPage :101 - Click on femaleButton[[ChromeDriver: chrome on WINDOWS (32d4c90fa27a70a196dac127d94708e2)] -> xpath: //div[@id='gender']/span[2]/input]
2023-02-14 14:02:697 INFO  RegisterPage :114 - select your day of birth[[ChromeDriver: chrome on WINDOWS (32d4c90fa27a70a196dac127d94708e2)] -> xpath: //select[@name='DateOfBirthDay']]
2023-02-14 14:02:504 INFO  RegisterPage :119 - select your month of birth[[ChromeDriver: chrome on WINDOWS (32d4c90fa27a70a196dac127d94708e2)] -> xpath: //select[@name='DateOfBirthMonth']]
2023-02-14 14:02:944 INFO  RegisterPage :124 - select your year of birth[[ChromeDriver: chrome on WINDOWS (32d4c90fa27a70a196dac127d94708e2)] -> xpath: //select[@name='DateOfBirthYear']]
2023-02-14 14:02:519 INFO  RegisterPage :140 - click on register button[[ChromeDriver: chrome on WINDOWS (32d4c90fa27a70a196dac127d94708e2)] -> xpath: //div[@class='page registration-page']/div[2]/form/div[5]/button]
2023-02-14 14:02:766 INFO  RegisterPage :101 - Click on femaleButton[[ChromeDriver: chrome on WINDOWS (95a0add1003b67774d25973630489786)] -> xpath: //div[@id='gender']/span[2]/input]
2023-02-14 14:02:401 INFO  RegisterPage :114 - select your day of birth[[ChromeDriver: chrome on WINDOWS (95a0add1003b67774d25973630489786)] -> xpath: //select[@name='DateOfBirthDay']]
2023-02-14 14:02:612 INFO  RegisterPage :119 - select your month of birth[[ChromeDriver: chrome on WINDOWS (95a0add1003b67774d25973630489786)] -> xpath: //select[@name='DateOfBirthMonth']]
2023-02-14 14:02:801 INFO  RegisterPage :124 - select your year of birth[[ChromeDriver: chrome on WINDOWS (95a0add1003b67774d25973630489786)] -> xpath: //select[@name='DateOfBirthYear']]
2023-02-14 14:02:544 INFO  RegisterPage :140 - click on register button[[ChromeDriver: chrome on WINDOWS (95a0add1003b67774d25973630489786)] -> xpath: //div[@class='page registration-page']/div[2]/form/div[5]/button]
2023-02-14 14:02:169 INFO  RegisterPage :171 - Verify Registration Complete TextProxy element for: DefaultElementLocator 'By.xpath: //div[text()='Your registration completed']'
2023-02-14 14:02:633 INFO  RegisterPage :40 - getting text from : [[ChromeDriver: chrome on WINDOWS (01220b436a96f123fef69459036ded30)] -> xpath: //h1[contains(text(),'Welcome, Please Sign In!')]]
2023-02-14 14:02:79 INFO  RegisterPage :40 - getting text from : [[ChromeDriver: chrome on WINDOWS (d339e6e2a0006240a80153b21b4ea4cd)] -> xpath: //h1[contains(text(),'Welcome, Please Sign In!')]]
2023-02-14 14:02:314 INFO  RegisterPage :40 - getting text from : [[ChromeDriver: chrome on WINDOWS (6c234820b3e2b8f77c24c4b64a416e35)] -> xpath: //h1[contains(text(),'Welcome, Please Sign In!')]]
2023-02-14 15:02:185 INFO  RegisterPage :40 - getting text from : [[ChromeDriver: chrome on WINDOWS (d6e9651dcd9d5cb92340b846c714cde4)] -> xpath: //h1[contains(text(),'Welcome, Please Sign In!')]]
2023-02-14 15:02:736 INFO  ComputerPage :39 - click on computer Tab[[ChromeDriver: chrome on WINDOWS (4d4d19828c1067ef6379795037e32f16)] -> xpath: //ul[@class='top-menu notmobile']//a[contains(text(),'Computers ')]]
2023-02-14 15:02:118 INFO  ComputerPage :39 - click on computer Tab[[ChromeDriver: chrome on WINDOWS (d9712ef174d87a8ab26cad011126c733)] -> xpath: //ul[@class='top-menu notmobile']//a[contains(text(),'Computers ')]]
2023-02-14 15:02:257 INFO  ComputerPage :46 - Click on Desktopslink[[ChromeDriver: chrome on WINDOWS (d9712ef174d87a8ab26cad011126c733)] -> xpath: //div[@class='page-body']/div[1]/div[1]/div[1]/div[1]/h2/a]
2023-02-14 15:02:770 INFO  ComputerPage :39 - click on computer Tab[[ChromeDriver: chrome on WINDOWS (66f872c53d1136bc567648dddd67b0e2)] -> xpath: //ul[@class='top-menu notmobile']//a[contains(text(),'Computers ')]]
2023-02-14 15:02:275 INFO  ComputerPage :46 - Click on Desktopslink[[ChromeDriver: chrome on WINDOWS (66f872c53d1136bc567648dddd67b0e2)] -> xpath: //div[@class='page-body']/div[1]/div[1]/div[1]/div[1]/h2/a]
2023-02-14 15:02:69 INFO  ComputerPage :58 - Click on Build Your Own Computer[[ChromeDriver: chrome on WINDOWS (66f872c53d1136bc567648dddd67b0e2)] -> link text: Build your own computer]
2023-02-14 21:02:555 INFO  ComputerPage :39 - click on computer Tab[[ChromeDriver: chrome on WINDOWS (9adee597c58d1e5cada2ba2171a257e2)] -> xpath: //ul[@class='top-menu notmobile']//a[contains(text(),'Computers ')]]
2023-02-14 21:02:61 INFO  ComputerPage :39 - click on computer Tab[[ChromeDriver: chrome on WINDOWS (4093007e91e6c3b49d36ea13d3b899e5)] -> xpath: //ul[@class='top-menu notmobile']//a[contains(text(),'Computers ')]]
2023-02-14 21:02:238 INFO  ComputerPage :46 - Click on Desktopslink[[ChromeDriver: chrome on WINDOWS (4093007e91e6c3b49d36ea13d3b899e5)] -> xpath: //div[@class='page-body']/div[1]/div[1]/div[1]/div[1]/h2/a]
2023-02-14 21:02:365 INFO  ComputerPage :39 - click on computer Tab[[ChromeDriver: chrome on WINDOWS (7bf1560c490bc6a6f2d21176075d201b)] -> xpath: //ul[@class='top-menu notmobile']//a[contains(text(),'Computers ')]]
2023-02-14 21:02:868 INFO  ComputerPage :46 - Click on Desktopslink[[ChromeDriver: chrome on WINDOWS (7bf1560c490bc6a6f2d21176075d201b)] -> xpath: //div[@class='page-body']/div[1]/div[1]/div[1]/div[1]/h2/a]
2023-02-14 21:02:92 INFO  ComputerPage :58 - Click on Build Your Own Computer[[ChromeDriver: chrome on WINDOWS (7bf1560c490bc6a6f2d21176075d201b)] -> link text: Build your own computer]
2023-02-15 23:02:639 INFO  ComputerPage :39 - click on computer Tab[[ChromeDriver: chrome on WINDOWS (b65ad05d277f3a05efe0915fbb02d8d3)] -> xpath: //ul[@class='top-menu notmobile']//a[contains(text(),'Computers ')]]
2023-02-15 23:02:34 INFO  ComputerPage :39 - click on computer Tab[[ChromeDriver: chrome on WINDOWS (ac25f41805c0fe3c7b285cabcd73000f)] -> xpath: //ul[@class='top-menu notmobile']//a[contains(text(),'Computers ')]]
2023-02-15 23:02:454 INFO  ComputerPage :46 - Click on Desktopslink[[ChromeDriver: chrome on WINDOWS (ac25f41805c0fe3c7b285cabcd73000f)] -> xpath: //div[@class='page-body']/div[1]/div[1]/div[1]/div[1]/h2/a]
2023-02-15 23:02:591 INFO  ComputerPage :39 - click on computer Tab[[ChromeDriver: chrome on WINDOWS (661e25bb611a1eac5e53d6feb3fd2c88)] -> xpath: //ul[@class='top-menu notmobile']//a[contains(text(),'Computers ')]]
2023-02-15 23:02:984 INFO  ComputerPage :46 - Click on Desktopslink[[ChromeDriver: chrome on WINDOWS (661e25bb611a1eac5e53d6feb3fd2c88)] -> xpath: //div[@class='page-body']/div[1]/div[1]/div[1]/div[1]/h2/a]
2023-02-15 23:02:855 INFO  ComputerPage :58 - Click on Build Your Own Computer[[ChromeDriver: chrome on WINDOWS (661e25bb611a1eac5e53d6feb3fd2c88)] -> link text: Build your own computer]
2023-02-15 23:02:740 INFO  RegisterPage :40 - getting text from : [[ChromeDriver: chrome on WINDOWS (da86d0ca0a943e0d5a895d3ff63ac668)] -> xpath: //h1[contains(text(),'Welcome, Please Sign In!')]]
2023-02-15 23:02:761 INFO  RegisterPage :101 - Click on femaleButton[[ChromeDriver: chrome on WINDOWS (6bd155c66b5d54bded436606ac7fcb3c)] -> xpath: //div[@id='gender']/span[2]/input]
2023-02-15 23:02:935 INFO  RegisterPage :114 - select your day of birth[[ChromeDriver: chrome on WINDOWS (6bd155c66b5d54bded436606ac7fcb3c)] -> xpath: //select[@name='DateOfBirthDay']]
2023-02-15 23:02:989 INFO  RegisterPage :119 - select your month of birth[[ChromeDriver: chrome on WINDOWS (6bd155c66b5d54bded436606ac7fcb3c)] -> xpath: //select[@name='DateOfBirthMonth']]
2023-02-15 23:02:47 INFO  RegisterPage :124 - select your year of birth[[ChromeDriver: chrome on WINDOWS (6bd155c66b5d54bded436606ac7fcb3c)] -> xpath: //select[@name='DateOfBirthYear']]
2023-02-15 23:02:286 INFO  RegisterPage :140 - click on register button[[ChromeDriver: chrome on WINDOWS (6bd155c66b5d54bded436606ac7fcb3c)] -> xpath: //div[@class='page registration-page']/div[2]/form/div[5]/button]
2023-02-15 23:02:554 INFO  RegisterPage :101 - Click on femaleButton[[ChromeDriver: chrome on WINDOWS (259e0f2a8f9ef1e81ec6a887d3e22706)] -> xpath: //div[@id='gender']/span[2]/input]
2023-02-15 23:02:725 INFO  RegisterPage :114 - select your day of birth[[ChromeDriver: chrome on WINDOWS (259e0f2a8f9ef1e81ec6a887d3e22706)] -> xpath: //select[@name='DateOfBirthDay']]
2023-02-15 23:02:774 INFO  RegisterPage :119 - select your month of birth[[ChromeDriver: chrome on WINDOWS (259e0f2a8f9ef1e81ec6a887d3e22706)] -> xpath: //select[@name='DateOfBirthMonth']]
2023-02-15 23:02:824 INFO  RegisterPage :124 - select your year of birth[[ChromeDriver: chrome on WINDOWS (259e0f2a8f9ef1e81ec6a887d3e22706)] -> xpath: //select[@name='DateOfBirthYear']]
2023-02-15 23:02:80 INFO  RegisterPage :140 - click on register button[[ChromeDriver: chrome on WINDOWS (259e0f2a8f9ef1e81ec6a887d3e22706)] -> xpath: //div[@class='page registration-page']/div[2]/form/div[5]/button]
2023-02-15 23:02:88 INFO  RegisterPage :101 - Click on femaleButton[[ChromeDriver: chrome on WINDOWS (50d0327991f7f54655eeabfcf2a1fb52)] -> xpath: //div[@id='gender']/span[2]/input]
2023-02-15 23:02:423 INFO  RegisterPage :114 - select your day of birth[[ChromeDriver: chrome on WINDOWS (50d0327991f7f54655eeabfcf2a1fb52)] -> xpath: //select[@name='DateOfBirthDay']]
2023-02-15 23:02:526 INFO  RegisterPage :119 - select your month of birth[[ChromeDriver: chrome on WINDOWS (50d0327991f7f54655eeabfcf2a1fb52)] -> xpath: //select[@name='DateOfBirthMonth']]
2023-02-15 23:02:620 INFO  RegisterPage :124 - select your year of birth[[ChromeDriver: chrome on WINDOWS (50d0327991f7f54655eeabfcf2a1fb52)] -> xpath: //select[@name='DateOfBirthYear']]
2023-02-15 23:02:992 INFO  RegisterPage :140 - click on register button[[ChromeDriver: chrome on WINDOWS (50d0327991f7f54655eeabfcf2a1fb52)] -> xpath: //div[@class='page registration-page']/div[2]/form/div[5]/button]
2023-02-15 23:02:854 INFO  RegisterPage :101 - Click on femaleButton[[ChromeDriver: chrome on WINDOWS (d1d0cdb53e0824a73561683371e8a07d)] -> xpath: //div[@id='gender']/span[2]/input]
2023-02-15 23:02:152 INFO  RegisterPage :114 - select your day of birth[[ChromeDriver: chrome on WINDOWS (d1d0cdb53e0824a73561683371e8a07d)] -> xpath: //select[@name='DateOfBirthDay']]
2023-02-15 23:02:236 INFO  RegisterPage :119 - select your month of birth[[ChromeDriver: chrome on WINDOWS (d1d0cdb53e0824a73561683371e8a07d)] -> xpath: //select[@name='DateOfBirthMonth']]
2023-02-15 23:02:330 INFO  RegisterPage :124 - select your year of birth[[ChromeDriver: chrome on WINDOWS (d1d0cdb53e0824a73561683371e8a07d)] -> xpath: //select[@name='DateOfBirthYear']]
2023-02-15 23:02:660 INFO  RegisterPage :140 - click on register button[[ChromeDriver: chrome on WINDOWS (d1d0cdb53e0824a73561683371e8a07d)] -> xpath: //div[@class='page registration-page']/div[2]/form/div[5]/button]
2023-02-15 23:02:14 INFO  RegisterPage :101 - Click on femaleButton[[ChromeDriver: chrome on WINDOWS (9d8ae9e65b613548fcef172acb27b366)] -> xpath: //div[@id='gender']/span[2]/input]
2023-02-15 23:02:306 INFO  RegisterPage :114 - select your day of birth[[ChromeDriver: chrome on WINDOWS (9d8ae9e65b613548fcef172acb27b366)] -> xpath: //select[@name='DateOfBirthDay']]
2023-02-15 23:02:387 INFO  RegisterPage :119 - select your month of birth[[ChromeDriver: chrome on WINDOWS (9d8ae9e65b613548fcef172acb27b366)] -> xpath: //select[@name='DateOfBirthMonth']]
2023-02-15 23:02:466 INFO  RegisterPage :124 - select your year of birth[[ChromeDriver: chrome on WINDOWS (9d8ae9e65b613548fcef172acb27b366)] -> xpath: //select[@name='DateOfBirthYear']]
2023-02-15 23:02:806 INFO  RegisterPage :140 - click on register button[[ChromeDriver: chrome on WINDOWS (9d8ae9e65b613548fcef172acb27b366)] -> xpath: //div[@class='page registration-page']/div[2]/form/div[5]/button]
2023-02-15 23:02:742 INFO  RegisterPage :101 - Click on femaleButton[[ChromeDriver: chrome on WINDOWS (df05e7dec88789ea0bdd8fcecfe348cc)] -> xpath: //div[@id='gender']/span[2]/input]
2023-02-15 23:02:96 INFO  RegisterPage :114 - select your day of birth[[ChromeDriver: chrome on WINDOWS (df05e7dec88789ea0bdd8fcecfe348cc)] -> xpath: //select[@name='DateOfBirthDay']]
2023-02-15 23:02:187 INFO  RegisterPage :119 - select your month of birth[[ChromeDriver: chrome on WINDOWS (df05e7dec88789ea0bdd8fcecfe348cc)] -> xpath: //select[@name='DateOfBirthMonth']]
2023-02-15 23:02:269 INFO  RegisterPage :124 - select your year of birth[[ChromeDriver: chrome on WINDOWS (df05e7dec88789ea0bdd8fcecfe348cc)] -> xpath: //select[@name='DateOfBirthYear']]
2023-02-15 23:02:674 INFO  RegisterPage :140 - click on register button[[ChromeDriver: chrome on WINDOWS (df05e7dec88789ea0bdd8fcecfe348cc)] -> xpath: //div[@class='page registration-page']/div[2]/form/div[5]/button]
2023-02-15 23:02:284 INFO  RegisterPage :171 - Verify Registration Complete Text[[ChromeDriver: chrome on WINDOWS (df05e7dec88789ea0bdd8fcecfe348cc)] -> xpath: //div[text()='Your registration completed']]
